<?xml version="1.0" encoding="UTF-8"?>
<!-- Generated by org.testng.reporters.JUnitReportReporter -->
<testsuite hostname="LAPTOP-J74PBGG1" failures="0" tests="1" name="qa.testcases.HomePageTest" time="9.225" errors="0" timestamp="2022-07-20T18:36:32 NZST" skipped="0">
  <testcase classname="qa.testcases.HomePageTest" name="addComment" time="9.225"/>
  <system-out/>
</testsuite> <!-- qa.testcases.HomePageTest -->
