<?xml version="1.0" encoding="UTF-8"?>
<!-- Generated by org.testng.reporters.JUnitReportReporter -->
<testsuite hostname="LAPTOP-J74PBGG1" failures="0" tests="3" name="qa.testcases.HomePageTest" time="15.469" errors="0" timestamp="2022-07-19T23:10:52 NZST" skipped="0">
  <testcase classname="qa.testcases.HomePageTest" name="registerNewUser" time="5.315"/>
  <system-out/>
  <testcase classname="qa.testcases.HomePageTest" name="signIn" time="3.782"/>
  <system-out/>
  <testcase classname="qa.testcases.HomePageTest" name="reRegisterUser" time="6.372"/>
  <system-out/>
</testsuite> <!-- qa.testcases.HomePageTest -->
