<?xml version="1.0" encoding="UTF-8"?>
<!-- Generated by org.testng.reporters.JUnitReportReporter -->
<testsuite hostname="LAPTOP-J74PBGG1" failures="0" tests="6" name="qa.testcases.HomePageTest" time="28.602" errors="0" timestamp="2022-07-20T16:40:46 NZST" skipped="0">
  <testcase classname="qa.testcases.HomePageTest" name="addComment" time="7.651"/>
  <system-out/>
  <testcase classname="qa.testcases.HomePageTest" name="verifyPasswordNotification" time="3.692"/>
  <system-out/>
  <testcase classname="qa.testcases.HomePageTest" name="checkBrokenLinks" time="4.790"/>
  <system-out/>
  <testcase classname="qa.testcases.HomePageTest" name="registerNewUser" time="3.363"/>
  <system-out/>
  <testcase classname="qa.testcases.HomePageTest" name="signIn" time="3.378"/>
  <system-out/>
  <testcase classname="qa.testcases.HomePageTest" name="reRegisterUser" time="5.728"/>
  <system-out/>
</testsuite> <!-- qa.testcases.HomePageTest -->
