<?xml version="1.0" encoding="UTF-8"?>
<!-- Generated by org.testng.reporters.JUnitReportReporter -->
<testsuite hostname="LAPTOP-J74PBGG1" failures="0" tests="3" name="qa.testcases.HomePageTest" time="14.267" errors="0" timestamp="2022-07-20T15:49:13 NZST" skipped="0">
  <testcase classname="qa.testcases.HomePageTest" name="registerNewUser" time="4.849"/>
  <system-out/>
  <testcase classname="qa.testcases.HomePageTest" name="signIn" time="3.504"/>
  <system-out/>
  <testcase classname="qa.testcases.HomePageTest" name="reRegisterUser" time="5.914"/>
  <system-out/>
</testsuite> <!-- qa.testcases.HomePageTest -->
