<?xml version="1.0" encoding="UTF-8"?>
<!-- Generated by org.testng.reporters.JUnitReportReporter -->
<testsuite hostname="LAPTOP-J74PBGG1" failures="0" tests="6" name="qa.testcases.HomePageTest" time="34.500" errors="0" timestamp="2022-07-20T18:06:38 NZST" skipped="0">
  <testcase classname="qa.testcases.HomePageTest" name="addComment" time="9.068"/>
  <system-out/>
  <testcase classname="qa.testcases.HomePageTest" name="verifyPasswordNotification" time="4.030"/>
  <system-out/>
  <testcase classname="qa.testcases.HomePageTest" name="checkBrokenLinks" time="6.869"/>
  <system-out/>
  <testcase classname="qa.testcases.HomePageTest" name="registerNewUser" time="3.878"/>
  <system-out/>
  <testcase classname="qa.testcases.HomePageTest" name="signIn" time="3.765"/>
  <system-out/>
  <testcase classname="qa.testcases.HomePageTest" name="reRegisterUser" time="6.890"/>
  <system-out/>
</testsuite> <!-- qa.testcases.HomePageTest -->
