<?xml version="1.0" encoding="UTF-8"?>
<!-- Generated by org.testng.reporters.JUnitReportReporter -->
<testsuite hostname="LAPTOP-J74PBGG1" failures="0" tests="6" name="qa.testcases.HomePageTest" time="28.649" errors="0" timestamp="2022-07-20T18:41:28 NZST" skipped="0">
  <testcase classname="qa.testcases.HomePageTest" name="addComment" time="6.484"/>
  <system-out/>
  <testcase classname="qa.testcases.HomePageTest" name="verifyPasswordNotification" time="3.546"/>
  <system-out/>
  <testcase classname="qa.testcases.HomePageTest" name="checkBrokenLinks" time="4.390"/>
  <system-out/>
  <testcase classname="qa.testcases.HomePageTest" name="registerNewUser" time="3.728"/>
  <system-out/>
  <testcase classname="qa.testcases.HomePageTest" name="signIn" time="3.775"/>
  <system-out/>
  <testcase classname="qa.testcases.HomePageTest" name="reRegisterUser" time="6.726"/>
  <system-out/>
</testsuite> <!-- qa.testcases.HomePageTest -->
