<?xml version="1.0" encoding="UTF-8"?>
<!-- Generated by org.testng.reporters.JUnitReportReporter -->
<testsuite hostname="LAPTOP-J74PBGG1" failures="0" tests="6" name="qa.testcases.HomePageTest" time="32.420" errors="0" timestamp="2022-07-20T18:08:24 NZST" skipped="0">
  <testcase classname="qa.testcases.HomePageTest" name="addComment" time="8.870"/>
  <system-out/>
  <testcase classname="qa.testcases.HomePageTest" name="verifyPasswordNotification" time="3.318"/>
  <system-out/>
  <testcase classname="qa.testcases.HomePageTest" name="checkBrokenLinks" time="4.873"/>
  <system-out/>
  <testcase classname="qa.testcases.HomePageTest" name="registerNewUser" time="4.843"/>
  <system-out/>
  <testcase classname="qa.testcases.HomePageTest" name="signIn" time="3.718"/>
  <system-out/>
  <testcase classname="qa.testcases.HomePageTest" name="reRegisterUser" time="6.798"/>
  <system-out/>
</testsuite> <!-- qa.testcases.HomePageTest -->
